# JRE version: Java(TM) SE Runtime Environment (14.0+36) (build 14+36-1461)
# Java VM: Java HotSpot(TM) 64-Bit Server VM (14+36-1461, mixed mode, sharing, tiered, compressed oops, g1 gc, windows-amd64)
Heap:
 garbage-first heap   total 262144K, used 133104K [0x0000000701a00000, 0x0000000800000000)
  region size 1024K, 4 young (4096K), 2 survivors (2048K)
 Metaspace       used 15505K, capacity 16193K, committed 16384K, reserved 1062912K
  class space    used 2220K, capacity 2509K, committed 2560K, reserved 1048576K
GC Heap History (12 events):
Event: 0.611 GC heap before
{Heap before GC invocations=0 (full 0):
 garbage-first heap   total 262144K, used 22528K [0x0000000701a00000, 0x0000000800000000)
  region size 1024K, 23 young (23552K), 0 survivors (0K)
 Metaspace       used 6530K, capacity 9039K, committed 9088K, reserved 1056768K
  class space    used 815K, capacity 1107K, committed 1152K, reserved 1048576K
}
Event: 0.614 GC heap after
{Heap after GC invocations=1 (full 0):
 garbage-first heap   total 262144K, used 3724K [0x0000000701a00000, 0x0000000800000000)
  region size 1024K, 3 young (3072K), 3 survivors (3072K)
 Metaspace       used 6530K, capacity 9039K, committed 9088K, reserved 1056768K
  class space    used 815K, capacity 1107K, committed 1152K, reserved 1048576K
}
Event: 1.524 GC heap before
{Heap before GC invocations=1 (full 0):
 garbage-first heap   total 262144K, used 149132K [0x0000000701a00000, 0x0000000800000000)
  region size 1024K, 32 young (32768K), 3 survivors (3072K)
 Metaspace       used 12211K, capacity 12963K, committed 13184K, reserved 1060864K
  class space    used 1700K, capacity 1897K, committed 1920K, reserved 1048576K
}
Event: 1.528 GC heap after
{Heap after GC invocations=2 (full 0):
 garbage-first heap   total 262144K, used 120906K [0x0000000701a00000, 0x0000000800000000)
  region size 1024K, 5 young (5120K), 5 survivors (5120K)
 Metaspace       used 12211K, capacity 12963K, committed 13184K, reserved 1060864K
  class space    used 1700K, capacity 1897K, committed 1920K, reserved 1048576K
}
Event: 1.551 GC heap before
{Heap before GC invocations=3 (full 0):
 garbage-first heap   total 262144K, used 125002K [0x0000000701a00000, 0x0000000800000000)
  region size 1024K, 6 young (6144K), 5 survivors (5120K)
 Metaspace       used 12415K, capacity 13015K, committed 13312K, reserved 1060864K
  class space    used 1723K, capacity 1937K, committed 2048K, reserved 1048576K
}
Event: 1.554 GC heap after
{Heap after GC invocations=4 (full 0):
 garbage-first heap   total 262144K, used 124492K [0x0000000701a00000, 0x0000000800000000)
  region size 1024K, 1 young (1024K), 1 survivors (1024K)
 Metaspace       used 12415K, capacity 13015K, committed 13312K, reserved 1060864K
  class space    used 1723K, capacity 1937K, committed 2048K, reserved 1048576K
}
Event: 1.734 GC heap before
{Heap before GC invocations=5 (full 0):
 garbage-first heap   total 262144K, used 134732K [0x0000000701a00000, 0x0000000800000000)
  region size 1024K, 9 young (9216K), 1 survivors (1024K)
 Metaspace       used 14631K, capacity 15230K, committed 15488K, reserved 1062912K
  class space    used 2085K, capacity 2339K, committed 2432K, reserved 1048576K
}
Event: 1.736 GC heap after
{Heap after GC invocations=6 (full 0):
 garbage-first heap   total 262144K, used 127867K [0x0000000701a00000, 0x0000000800000000)
  region size 1024K, 1 young (1024K), 1 survivors (1024K)
 Metaspace       used 14631K, capacity 15230K, committed 15488K, reserved 1062912K
  class space    used 2085K, capacity 2339K, committed 2432K, reserved 1048576K
}
Event: 1.805 GC heap before
{Heap before GC invocations=7 (full 0):
 garbage-first heap   total 262144K, used 131963K [0x0000000701a00000, 0x0000000800000000)
  region size 1024K, 3 young (3072K), 1 survivors (1024K)
 Metaspace       used 14817K, capacity 15459K, committed 15744K, reserved 1062912K
  class space    used 2098K, capacity 2372K, committed 2432K, reserved 1048576K
}
Event: 1.807 GC heap after
{Heap after GC invocations=8 (full 0):
 garbage-first heap   total 262144K, used 128378K [0x0000000701a00000, 0x0000000800000000)
  region size 1024K, 2 young (2048K), 2 survivors (2048K)
 Metaspace       used 14817K, capacity 15459K, committed 15744K, reserved 1062912K
  class space    used 2098K, capacity 2372K, committed 2432K, reserved 1048576K
}
Event: 1.910 GC heap before
{Heap before GC invocations=9 (full 0):
 garbage-first heap   total 262144K, used 134522K [0x0000000701a00000, 0x0000000800000000)
  region size 1024K, 7 young (7168K), 2 survivors (2048K)
 Metaspace       used 15413K, capacity 16120K, committed 16384K, reserved 1062912K
  class space    used 2213K, capacity 2506K, committed 2560K, reserved 1048576K
}
Event: 1.913 GC heap after
{Heap after GC invocations=10 (full 0):
 garbage-first heap   total 262144K, used 129008K [0x0000000701a00000, 0x0000000800000000)
  region size 1024K, 2 young (2048K), 2 survivors (2048K)
 Metaspace       used 15413K, capacity 16120K, committed 16384K, reserved 1062912K
  class space    used 2213K, capacity 2506K, committed 2560K, reserved 1048576K
}

